Sun Feb 16 08:10:45 2025       
+---------------------------------------------------------------------------------------+
| NVIDIA-SMI 545.23.08              Driver Version: 545.23.08    CUDA Version: 12.3     |
|-----------------------------------------+----------------------+----------------------+
| GPU  Name                 Persistence-M | Bus-Id        Disp.A | Volatile Uncorr. ECC |
| Fan  Temp   Perf          Pwr:Usage/Cap |         Memory-Usage | GPU-Util  Compute M. |
|                                         |                      |               MIG M. |
|=========================================+======================+======================|
|   0  NVIDIA A100-SXM4-80GB          Off | 00000000:07:00.0 Off |                    0 |
| N/A   29C    P0              71W / 400W |   5729MiB / 81920MiB |      0%      Default |
|                                         |                      |             Disabled |
+-----------------------------------------+----------------------+----------------------+
|   1  NVIDIA A100-SXM4-80GB          Off | 00000000:0B:00.0 Off |                    0 |
| N/A   29C    P0              66W / 400W |      7MiB / 81920MiB |      0%      Default |
|                                         |                      |             Disabled |
+-----------------------------------------+----------------------+----------------------+
|   2  NVIDIA A100-SXM4-80GB          Off | 00000000:48:00.0 Off |                    0 |
| N/A   26C    P0              69W / 400W |      7MiB / 81920MiB |      0%      Default |
|                                         |                      |             Disabled |
+-----------------------------------------+----------------------+----------------------+
|   3  NVIDIA A100-SXM4-80GB          Off | 00000000:4C:00.0 Off |                    0 |
| N/A   29C    P0              78W / 400W |  61233MiB / 81920MiB |      0%      Default |
|                                         |                      |             Disabled |
+-----------------------------------------+----------------------+----------------------+
|   4  NVIDIA A100-SXM4-80GB          Off | 00000000:88:00.0 Off |                    0 |
| N/A   26C    P0              69W / 400W |      7MiB / 81920MiB |      0%      Default |
|                                         |                      |             Disabled |
+-----------------------------------------+----------------------+----------------------+
|   5  NVIDIA A100-SXM4-80GB          Off | 00000000:8B:00.0 Off |                    0 |
| N/A   30C    P0              99W / 400W |   2415MiB / 81920MiB |      3%      Default |
|                                         |                      |             Disabled |
+-----------------------------------------+----------------------+----------------------+
|   6  NVIDIA A100-SXM4-80GB          Off | 00000000:C8:00.0 Off |                    0 |
| N/A   28C    P0              86W / 400W |   4241MiB / 81920MiB |      0%      Default |
|                                         |                      |             Disabled |
+-----------------------------------------+----------------------+----------------------+
|   7  NVIDIA A100-SXM4-80GB          Off | 00000000:CB:00.0 Off |                    0 |
| N/A   27C    P0              68W / 400W |      7MiB / 81920MiB |      0%      Default |
|                                         |                      |             Disabled |
+-----------------------------------------+----------------------+----------------------+
                                                                                         
+---------------------------------------------------------------------------------------+
| Processes:                                                                            |
|  GPU   GI   CI        PID   Type   Process name                            GPU Memory |
|        ID   ID                                                             Usage      |
|=======================================================================================|
|    0   N/A  N/A   3242651      C   python                                     5716MiB |
|    3   N/A  N/A   3309490      C   .../bzha592/.conda/envs/jax/bin/python    61220MiB |
|    5   N/A  N/A   3306924      C   python                                     2402MiB |
|    6   N/A  N/A   3798101      C   python                                     4228MiB |
+---------------------------------------------------------------------------------------+
Sun Feb 16 08:10:59 2025       
+---------------------------------------------------------------------------------------+
| NVIDIA-SMI 545.23.08              Driver Version: 545.23.08    CUDA Version: 12.3     |
|-----------------------------------------+----------------------+----------------------+
| GPU  Name                 Persistence-M | Bus-Id        Disp.A | Volatile Uncorr. ECC |
| Fan  Temp   Perf          Pwr:Usage/Cap |         Memory-Usage | GPU-Util  Compute M. |
|                                         |                      |               MIG M. |
|=========================================+======================+======================|
|   0  NVIDIA A100-SXM4-80GB          Off | 00000000:07:00.0 Off |                    0 |
| N/A   29C    P0              71W / 400W |   5729MiB / 81920MiB |      0%      Default |
|                                         |                      |             Disabled |
+-----------------------------------------+----------------------+----------------------+
|   1  NVIDIA A100-SXM4-80GB          Off | 00000000:0B:00.0 Off |                    0 |
| N/A   29C    P0              75W / 400W |      7MiB / 81920MiB |      0%      Default |
|                                         |                      |             Disabled |
+-----------------------------------------+----------------------+----------------------+
|   2  NVIDIA A100-SXM4-80GB          Off | 00000000:48:00.0 Off |                    0 |
| N/A   26C    P0              69W / 400W |      7MiB / 81920MiB |      0%      Default |
|                                         |                      |             Disabled |
+-----------------------------------------+----------------------+----------------------+
|   3  NVIDIA A100-SXM4-80GB          Off | 00000000:4C:00.0 Off |                    0 |
| N/A   30C    P0              87W / 400W |  61245MiB / 81920MiB |     11%      Default |
|                                         |                      |             Disabled |
+-----------------------------------------+----------------------+----------------------+
|   4  NVIDIA A100-SXM4-80GB          Off | 00000000:88:00.0 Off |                    0 |
| N/A   27C    P0              75W / 400W |      7MiB / 81920MiB |      0%      Default |
|                                         |                      |             Disabled |
+-----------------------------------------+----------------------+----------------------+
|   5  NVIDIA A100-SXM4-80GB          Off | 00000000:8B:00.0 Off |                    0 |
| N/A   30C    P0              95W / 400W |   3791MiB / 81920MiB |      7%      Default |
|                                         |                      |             Disabled |
+-----------------------------------------+----------------------+----------------------+
|   6  NVIDIA A100-SXM4-80GB          Off | 00000000:C8:00.0 Off |                    0 |
| N/A   28C    P0              81W / 400W |   4241MiB / 81920MiB |      0%      Default |
|                                         |                      |             Disabled |
+-----------------------------------------+----------------------+----------------------+
|   7  NVIDIA A100-SXM4-80GB          Off | 00000000:CB:00.0 Off |                    0 |
| N/A   27C    P0              68W / 400W |      7MiB / 81920MiB |      0%      Default |
|                                         |                      |             Disabled |
+-----------------------------------------+----------------------+----------------------+
                                                                                         
+---------------------------------------------------------------------------------------+
| Processes:                                                                            |
|  GPU   GI   CI        PID   Type   Process name                            GPU Memory |
|        ID   ID                                                             Usage      |
|=======================================================================================|
|    0   N/A  N/A   3242651      C   python                                     5716MiB |
|    3   N/A  N/A   3309490      C   .../bzha592/.conda/envs/jax/bin/python    61232MiB |
|    5   N/A  N/A   3306924      C   python                                     3876MiB |
|    6   N/A  N/A   3798101      C   python                                     4228MiB |
+---------------------------------------------------------------------------------------+
